<?xml version="1.0" encoding="UTF-8"?>
<testng-results skipped="0" failed="0" ignored="0" total="1" passed="1">
  <reporter-output>
  </reporter-output>
  <suite name="Inetbanking" duration-ms="17332" started-at="2020-06-17T09:23:06Z" finished-at="2020-06-17T09:23:23Z">
    <groups>
    </groups>
    <test name="banking app test" duration-ms="17332" started-at="2020-06-17T09:23:06Z" finished-at="2020-06-17T09:23:23Z">
      <class name="com.inetbanking.testcases.TC_LoginPage_001">
        <test-method status="PASS" signature="setup(java.lang.String)[pri:0, instance:com.inetbanking.testcases.TC_LoginPage_001@6156496]" name="setup" is-config="true" duration-ms="11215" started-at="2020-06-17T09:23:06Z" finished-at="2020-06-17T09:23:17Z">
          <params>
            <param index="0">
              <value>
                <![CDATA[chrome]]>
              </value>
            </param>
          </params>
          <reporter-output>
          </reporter-output>
        </test-method> <!-- setup -->
        <test-method status="PASS" signature="logintest()[pri:0, instance:com.inetbanking.testcases.TC_LoginPage_001@6156496]" name="logintest" duration-ms="3027" started-at="2020-06-17T09:23:17Z" finished-at="2020-06-17T09:23:20Z">
          <reporter-output>
          </reporter-output>
        </test-method> <!-- logintest -->
        <test-method status="PASS" signature="tearDown()[pri:0, instance:com.inetbanking.testcases.TC_LoginPage_001@6156496]" name="tearDown" is-config="true" duration-ms="2623" started-at="2020-06-17T09:23:20Z" finished-at="2020-06-17T09:23:23Z">
          <reporter-output>
          </reporter-output>
        </test-method> <!-- tearDown -->
      </class> <!-- com.inetbanking.testcases.TC_LoginPage_001 -->
    </test> <!-- banking app test -->
  </suite> <!-- Inetbanking -->
</testng-results>
